2020-04-27 01:34:08,873 ERROR org.springframework.scheduling.support.TaskUtils$LoggingErrorHandler [scheduling-1] Unexpected error occurred in scheduled task
org.springframework.social.DuplicateStatusException: Status is a duplicate.
	at org.springframework.social.twitter.api.impl.TwitterErrorHandler.handleClientErrors(TwitterErrorHandler.java:107)
	at org.springframework.social.twitter.api.impl.TwitterErrorHandler.handleError(TwitterErrorHandler.java:60)
	at org.springframework.web.client.ResponseErrorHandler.handleError(ResponseErrorHandler.java:63)
	at org.springframework.web.client.RestTemplate.handleResponse(RestTemplate.java:782)
	at org.springframework.web.client.RestTemplate.doExecute(RestTemplate.java:740)
	at org.springframework.web.client.RestTemplate.execute(RestTemplate.java:714)
	at org.springframework.web.client.RestTemplate.postForObject(RestTemplate.java:440)
	at org.springframework.social.twitter.api.impl.TimelineTemplate.updateStatus(TimelineTemplate.java:184)
	at org.springframework.social.twitter.api.impl.TimelineTemplate.updateStatus(TimelineTemplate.java:157)
	at com.pathus.covid19bot.service.impl.TwitterService.postTweet(TwitterService.java:50)
	at com.pathus.covid19bot.service.impl.TwitterService.processPostTweet(TwitterService.java:63)
	at com.pathus.covid19bot.job.Scheduler.cronJobSch(Scheduler.java:16)
	at sun.reflect.NativeMethodAccessorImpl.invoke0(Native Method)
	at sun.reflect.NativeMethodAccessorImpl.invoke(NativeMethodAccessorImpl.java:62)
	at sun.reflect.DelegatingMethodAccessorImpl.invoke(DelegatingMethodAccessorImpl.java:43)
	at java.lang.reflect.Method.invoke(Method.java:498)
	at org.springframework.scheduling.support.ScheduledMethodRunnable.run(ScheduledMethodRunnable.java:84)
	at org.springframework.scheduling.support.DelegatingErrorHandlingRunnable.run(DelegatingErrorHandlingRunnable.java:54)
	at org.springframework.scheduling.concurrent.ReschedulingRunnable.run(ReschedulingRunnable.java:93)
	at java.util.concurrent.Executors$RunnableAdapter.call(Executors.java:511)
	at java.util.concurrent.FutureTask.run$$$capture(FutureTask.java:266)
	at java.util.concurrent.FutureTask.run(FutureTask.java)
	at java.util.concurrent.ScheduledThreadPoolExecutor$ScheduledFutureTask.access$201(ScheduledThreadPoolExecutor.java:180)
	at java.util.concurrent.ScheduledThreadPoolExecutor$ScheduledFutureTask.run(ScheduledThreadPoolExecutor.java:293)
	at java.util.concurrent.ThreadPoolExecutor.runWorker(ThreadPoolExecutor.java:1149)
	at java.util.concurrent.ThreadPoolExecutor$Worker.run(ThreadPoolExecutor.java:624)
	at java.lang.Thread.run(Thread.java:748)
